<?xml version="1.0" encoding="UTF-8" ?>
<testsuite tests="11" failures="0" name="org.springframework.samples.petclinic.service.ClinicServiceSpringDataJpaTests" time="0.768" errors="0" skipped="0">
  <properties>
    <property name="java.runtime.name" value="Java(TM) SE Runtime Environment"/>
    <property name="sun.boot.library.path" value="C:\Program Files\Java\jdk1.8.0_241\jre\bin"/>
    <property name="java.vm.version" value="25.241-b07"/>
    <property name="java.vm.vendor" value="Oracle Corporation"/>
    <property name="maven.multiModuleProjectDirectory" value="C:\project\Maven-petclinic-project"/>
    <property name="java.vendor.url" value="http://java.oracle.com/"/>
    <property name="path.separator" value=";"/>
    <property name="guice.disable.misplaced.annotation.check" value="true"/>
    <property name="java.vm.name" value="Java HotSpot(TM) 64-Bit Server VM"/>
    <property name="file.encoding.pkg" value="sun.io"/>
    <property name="user.script" value=""/>
    <property name="user.country" value="US"/>
    <property name="sun.java.launcher" value="SUN_STANDARD"/>
    <property name="sun.os.patch.level" value=""/>
    <property name="java.vm.specification.name" value="Java Virtual Machine Specification"/>
    <property name="user.dir" value="C:\project\Maven-petclinic-project"/>
    <property name="java.runtime.version" value="1.8.0_241-b07"/>
    <property name="java.awt.graphicsenv" value="sun.awt.Win32GraphicsEnvironment"/>
    <property name="java.endorsed.dirs" value="C:\Program Files\Java\jdk1.8.0_241\jre\lib\endorsed"/>
    <property name="os.arch" value="amd64"/>
    <property name="java.io.tmpdir" value="C:\Users\Lenovo\AppData\Local\Temp\"/>
    <property name="line.separator" value="
"/>
    <property name="java.vm.specification.vendor" value="Oracle Corporation"/>
    <property name="user.variant" value=""/>
    <property name="os.name" value="Windows 10"/>
    <property name="classworlds.conf" value="C:\apache-maven-3.6.3\bin\..\bin\m2.conf"/>
    <property name="sun.jnu.encoding" value="Cp1252"/>
    <property name="java.library.path" value="C:\Program Files\Java\jdk1.8.0_241\bin;C:\Windows\Sun\Java\bin;C:\Windows\system32;C:\Windows;C:\Program Files\Common Files\Oracle\Java\javapath;C:\Python39\Scripts\;C:\Python39\;C:\Program Files (x86)\Common Files\Oracle\Java\javapath;C:\Windows\system32;C:\Windows;C:\Windows\System32\Wbem;C:\Windows\System32\WindowsPowerShell\v1.0\;C:\Windows\System32\OpenSSH\;C:\HashiCorp\Vagrant\bin;C:\ProgramData\chocolatey\bin;C:\Program Files\Git\cmd;C:\apache-maven-3.6.3\bin;C:\packer_1.7.0;C:\Program Files\Amazon\AWSCLIV2\;C:\Program Files (x86)\Google\Cloud SDK\google-cloud-sdk\bin;C:\opscode\inspec\bin\;C:\Program Files (x86)\PuTTY\;C:\Users\Lenovo\AppData\Local\Microsoft\WindowsApps;C:\apache-maven-3.6.3\bin;C:\Users\Lenovo\AppData\Local\Programs\Microsoft VS Code\bin;C:\tools\minishift;C:\HashiCorp;;."/>
    <property name="maven.conf" value="C:\apache-maven-3.6.3\bin\../conf"/>
    <property name="java.specification.name" value="Java Platform API Specification"/>
    <property name="java.class.version" value="52.0"/>
    <property name="sun.management.compiler" value="HotSpot 64-Bit Tiered Compilers"/>
    <property name="os.version" value="10.0"/>
    <property name="library.jansi.path" value="C:\apache-maven-3.6.3\bin\..\lib\jansi-native"/>
    <property name="user.home" value="C:\Users\Lenovo"/>
    <property name="user.timezone" value="Asia/Calcutta"/>
    <property name="java.awt.printerjob" value="sun.awt.windows.WPrinterJob"/>
    <property name="java.specification.version" value="1.8"/>
    <property name="file.encoding" value="Cp1252"/>
    <property name="user.name" value="Lenovo"/>
    <property name="java.class.path" value="C:\apache-maven-3.6.3\bin\..\boot\plexus-classworlds-2.6.0.jar"/>
    <property name="java.vm.specification.version" value="1.8"/>
    <property name="sun.arch.data.model" value="64"/>
    <property name="java.home" value="C:\Program Files\Java\jdk1.8.0_241\jre"/>
    <property name="sun.java.command" value="org.codehaus.plexus.classworlds.launcher.Launcher clean deploy"/>
    <property name="java.specification.vendor" value="Oracle Corporation"/>
    <property name="user.language" value="en"/>
    <property name="awt.toolkit" value="sun.awt.windows.WToolkit"/>
    <property name="java.vm.info" value="mixed mode"/>
    <property name="java.version" value="1.8.0_241"/>
    <property name="java.ext.dirs" value="C:\Program Files\Java\jdk1.8.0_241\jre\lib\ext;C:\Windows\Sun\Java\lib\ext"/>
    <property name="sun.boot.class.path" value="C:\Program Files\Java\jdk1.8.0_241\jre\lib\resources.jar;C:\Program Files\Java\jdk1.8.0_241\jre\lib\rt.jar;C:\Program Files\Java\jdk1.8.0_241\jre\lib\sunrsasign.jar;C:\Program Files\Java\jdk1.8.0_241\jre\lib\jsse.jar;C:\Program Files\Java\jdk1.8.0_241\jre\lib\jce.jar;C:\Program Files\Java\jdk1.8.0_241\jre\lib\charsets.jar;C:\Program Files\Java\jdk1.8.0_241\jre\lib\jfr.jar;C:\Program Files\Java\jdk1.8.0_241\jre\classes"/>
    <property name="sun.stderr.encoding" value="cp437"/>
    <property name="java.vendor" value="Oracle Corporation"/>
    <property name="maven.home" value="C:\apache-maven-3.6.3\bin\.."/>
    <property name="file.separator" value="\"/>
    <property name="java.vendor.url.bug" value="http://bugreport.sun.com/bugreport/"/>
    <property name="sun.cpu.endian" value="little"/>
    <property name="sun.io.unicode.encoding" value="UnicodeLittle"/>
    <property name="sun.stdout.encoding" value="cp437"/>
    <property name="sun.desktop" value="windows"/>
    <property name="sun.cpu.isalist" value="amd64"/>
  </properties>
  <testcase classname="org.springframework.samples.petclinic.service.ClinicServiceSpringDataJpaTests" name="shouldFindVets" time="0.076"/>
  <testcase classname="org.springframework.samples.petclinic.service.ClinicServiceSpringDataJpaTests" name="shouldFindOwnersByLastName" time="0.078"/>
  <testcase classname="org.springframework.samples.petclinic.service.ClinicServiceSpringDataJpaTests" name="shouldAddNewVisitForPet" time="0.139"/>
  <testcase classname="org.springframework.samples.petclinic.service.ClinicServiceSpringDataJpaTests" name="shouldUpdateOwner" time="0.097"/>
  <testcase classname="org.springframework.samples.petclinic.service.ClinicServiceSpringDataJpaTests" name="shouldFindVisitsByPetId" time="0.151"/>
  <testcase classname="org.springframework.samples.petclinic.service.ClinicServiceSpringDataJpaTests" name="shouldInsertPetIntoDatabaseAndGenerateId" time="0.11"/>
  <testcase classname="org.springframework.samples.petclinic.service.ClinicServiceSpringDataJpaTests" name="shouldInsertOwner" time="0.019"/>
  <testcase classname="org.springframework.samples.petclinic.service.ClinicServiceSpringDataJpaTests" name="shouldFindSingleOwnerWithPet" time="0.001"/>
  <testcase classname="org.springframework.samples.petclinic.service.ClinicServiceSpringDataJpaTests" name="shouldUpdatePetName" time="0.057"/>
  <testcase classname="org.springframework.samples.petclinic.service.ClinicServiceSpringDataJpaTests" name="shouldFindAllPetTypes" time="0.012"/>
  <testcase classname="org.springframework.samples.petclinic.service.ClinicServiceSpringDataJpaTests" name="shouldFindPetWithCorrectId" time="0.028"/>
</testsuite>